<?xml version="1.0" encoding="UTF-8"?>
<testsuite xmlns:xsi="http://www.w3.org/2001/XMLSchema-instance" xsi:schemaLocation="https://maven.apache.org/surefire/maven-surefire-plugin/xsd/surefire-test-report.xsd" name="org.example.PersonTest" time="0.764" tests="6" errors="0" skipped="0" failures="2">
  <properties>
[...]
</properties>
  <testcase name="testSum" classname="org.example.PersonTest" time="0.026">
    <failure message="expected [false] but found [true]" type="java.lang.AssertionError">java.lang.AssertionError: expected [false] but found [true]
	at org.example.PersonTest.testSum(PersonTest.java:58)
</failure>
    <system-out><![CDATA[Before class
2024/09/20 18:53:28
]]></system-out>
  </testcase>
  <testcase name="testSum" classname="org.example.PersonTest" time="0"/>
  <testcase name="testSum" classname="org.example.PersonTest" time="0"/>
  <testcase name="testSum" classname="org.example.PersonTest" time="0"/>
  <testcase name="testSum" classname="org.example.PersonTest" time="0.001">
    <failure message="expected [true] but found [false]" type="java.lang.AssertionError">java.lang.AssertionError: expected [true] but found [false]
	at org.example.PersonTest.testSum(PersonTest.java:58)
</failure>
  </testcase>
  <testcase name="testSum" classname="org.example.PersonTest" time="0"/>
</testsuite>